#
# A fatal error has been detected by the Java Runtime Environment:
#
#  SIGSEGV (0xb) at pc=0x0000000110a46914, pid=18786, tid=17155
#
# JRE version: Java(TM) SE Runtime Environment (8.0_60-b27) (build 1.8.0_60-b27)
# Java VM: Java HotSpot(TM) 64-Bit Server VM (25.60-b23 mixed mode bsd-amd64 compressed oops)
# Problematic frame:
# V  [libjvm.dylib+0x446914]  Method::checked_resolve_jmethod_id(_jmethodID*)+0xe
#
# Failed to write core dump. Core dumps have been disabled. To enable core dumping, try "ulimit -c unlimited" before starting Java again
#
# If you would like to submit a bug report, please visit:
#   http://bugreport.java.com/bugreport/crash.jsp
#

---------------  T H R E A D  ---------------

Current thread (0x00007fed4c01a000):  JavaThread "JDWP Transport Listener: dt_socket" daemon [_thread_in_vm, id=17155, stack(0x0000700000bbe000,0x0000700000cbe000)]

siginfo: si_signo: 11 (SIGSEGV), si_code: 0 (unknown), si_addr: 0x0000000000000000

Registers:
RAX=0x0000000000000001, RBX=0x0000700000cbda8b, RCX=0x0000000110e15310, RDX=0x0000700000cbda8b
RSP=0x0000700000cbd9d0, RBP=0x0000700000cbd9e0, RSI=0x00007fed4c01a000, RDI=0x5000000000000000
R8 =0x0000000000000001, R9 =0x0000000000000000, R10=0x0000000000000002, R11=0x00007fed4b600000
R12=0x00007fed4c01a000, R13=0x5000000000000000, R14=0x5000000000000000, R15=0x00007fed4b40dd90
RIP=0x0000000110a46914, EFLAGS=0x0000000000010206, ERR=0x0000000000000000
  TRAPNO=0x000000000000000d

Top of Stack: (sp=0x0000700000cbd9d0)
0x0000700000cbd9d0:   0000700000cbda8b 0000700000cbda8b
0x0000700000cbd9e0:   0000700000cbda40 0000000110955a0e
0x0000700000cbd9f0:   00007fed4c01a000 0000000000000000
0x0000700000cbda00:   0000000000000000 0000000000000000
0x0000700000cbda10:   00007fed4c01a000 00007fed4c01a000
0x0000700000cbda20:   0000700000cbda8b 0000700000cbda90
0x0000700000cbda30:   5000000000000000 0000000000000005
0x0000700000cbda40:   0000700000cbda60 000000010fd49780
0x0000700000cbda50:   0000000000000001 0000700000cbdb08
0x0000700000cbda60:   0000700000cbdad0 000000010fd2e1f3
0x0000700000cbda70:   0000700000cbdaa0 00007fed4b61f350
0x0000700000cbda80:   0000000600000032 0000000200cbdb08
0x0000700000cbda90:   0000000000000000 0000000000000000
0x0000700000cbdaa0:   0000000000000000 0000700000cbdc90
0x0000700000cbdab0:   000000010fd50e7a 00007fed4b53ce50
0x0000700000cbdac0:   0000700000cbdb08 000000010fd5c598
0x0000700000cbdad0:   0000700000cbdae0 000000010fd2e2ec
0x0000700000cbdae0:   0000700000cbdd00 000000010fd37898
0x0000700000cbdaf0:   0000244e00000013 00000000000f0200
0x0000700000cbdb00:   00007fed4b53eea0 0000700000cbdc64
0x0000700000cbdb10:   00007fed00000020 0000700000cbdb20
0x0000700000cbdb20:   000000000000010c 0000700000cbdb58
0x0000700000cbdb30:   0000000000000000 0000000000000000
0x0000700000cbdb40:   0000244e0000001c 00007fff00004c80
0x0000700000cbdb50:   0000700000cbdb58 ed7f000006000000
0x0000700000cbdb60:   06000000304b624b 00003e74696e693c
0x0000700000cbdb70:   7262694c4c281c00 67616e614d797261
0x0000700000cbdb80:   737953746e656d65 000056293b6d6574
0x0000700000cbdb90:   0000010000000000 0000404b624bed7f
0x0000700000cbdba0:   776f72726f620f00 6365686364497265
0x0000700000cbdbb0:   4c2928150000006b 6e616c2f6176616a
0x0000700000cbdbc0:   656765746e492f67 0000000000003b72 

Instructions: (pc=0x0000000110a46914)
0x0000000110a468f4:   40 48 48 85 c0 75 e0 30 c0 0f b6 c0 5d c3 31 c0
0x0000000110a46904:   5d c3 55 48 89 e5 53 48 83 ec 08 48 85 ff 74 24
0x0000000110a46914:   48 8b 1f 48 85 db 74 1c 48 83 fb 37 74 16 48 8b
0x0000000110a46924:   03 48 89 df ff 50 10 84 c0 b8 00 00 00 00 48 0f 

Register to memory mapping:

RAX=0x0000000000000001 is an unknown value
RBX=0x0000700000cbda8b is pointing into the stack for thread: 0x00007fed4c01a000
RCX=0x0000000110e15310: UseMembar+0 in /Library/Java/JavaVirtualMachines/jdk1.8.0_60.jdk/Contents/Home/jre/lib/server/libjvm.dylib at 0x0000000110600000
RDX=0x0000700000cbda8b is pointing into the stack for thread: 0x00007fed4c01a000
RSP=0x0000700000cbd9d0 is pointing into the stack for thread: 0x00007fed4c01a000
RBP=0x0000700000cbd9e0 is pointing into the stack for thread: 0x00007fed4c01a000
RSI=0x00007fed4c01a000 is a thread
RDI=0x5000000000000000 is an unknown value
R8 =0x0000000000000001 is an unknown value
R9 =0x0000000000000000 is an unknown value
R10=0x0000000000000002 is an unknown value
R11=0x00007fed4b600000 is an unknown value
R12=0x00007fed4c01a000 is a thread
R13=0x5000000000000000 is an unknown value
R14=0x5000000000000000 is an unknown value
R15=0x00007fed4b40dd90 is an unknown value


Stack: [0x0000700000bbe000,0x0000700000cbe000],  sp=0x0000700000cbd9d0,  free space=1022k
Native frames: (J=compiled Java code, j=interpreted, Vv=VM code, C=native code)
V  [libjvm.dylib+0x446914]  Method::checked_resolve_jmethod_id(_jmethodID*)+0xe
V  [libjvm.dylib+0x355a0e]  jvmti_IsMethodSynthetic+0xb2
C  [libjdwp.dylib+0x20780]  isMethodSynthetic+0x63
C  [libjdwp.dylib+0x51f3]  methods1+0x10b
C  [libjdwp.dylib+0x52ec]  methodsWithGeneric+0xe
C  [libjdwp.dylib+0xe898]  debugLoop_run+0x1ce
C  [libjdwp.dylib+0x1f6ba]  attachThread+0x4d
V  [libjvm.dylib+0x396d6c]  JvmtiAgentThread::call_start_function()+0x38
V  [libjvm.dylib+0x5612d3]  JavaThread::thread_main_inner()+0x9b
V  [libjvm.dylib+0x5629ce]  JavaThread::run()+0x1c2
V  [libjvm.dylib+0x48343a]  java_start(Thread*)+0xf6
C  [libsystem_pthread.dylib+0x39b1]  _pthread_body+0x83
C  [libsystem_pthread.dylib+0x392e]  _pthread_body+0x0
C  [libsystem_pthread.dylib+0x1385]  thread_start+0xd
C  0x0000000000000000


---------------  P R O C E S S  ---------------

Java Threads: ( => current thread )
  0x00007fed4d001000 JavaThread "Abandoned connection cleanup thread" daemon [_thread_blocked, id=21251, stack(0x00007000013d6000,0x00007000014d6000)]
  0x00007fed4b816000 JavaThread "Service Thread" daemon [_thread_blocked, id=20227, stack(0x00007000011d0000,0x00007000012d0000)]
  0x00007fed4d052000 JavaThread "C1 CompilerThread2" daemon [_thread_blocked, id=19715, stack(0x00007000010cd000,0x00007000011cd000)]
  0x00007fed4b815000 JavaThread "C2 CompilerThread1" daemon [_thread_blocked, id=19203, stack(0x0000700000fca000,0x00007000010ca000)]
  0x00007fed4c024800 JavaThread "C2 CompilerThread0" daemon [_thread_blocked, id=18691, stack(0x0000700000ec7000,0x0000700000fc7000)]
  0x00007fed4c01b000 JavaThread "JDWP Command Reader" daemon [_thread_in_native, id=18179, stack(0x0000700000dc4000,0x0000700000ec4000)]
  0x00007fed4b83c000 JavaThread "JDWP Event Helper Thread" daemon [_thread_blocked, id=17667, stack(0x0000700000cc1000,0x0000700000dc1000)]
=>0x00007fed4c01a000 JavaThread "JDWP Transport Listener: dt_socket" daemon [_thread_in_vm, id=17155, stack(0x0000700000bbe000,0x0000700000cbe000)]
  0x00007fed4d02d000 JavaThread "Signal Dispatcher" daemon [_thread_blocked, id=16403, stack(0x0000700000abb000,0x0000700000bbb000)]
  0x00007fed4b83b000 JavaThread "Finalizer" daemon [_thread_blocked, id=12291, stack(0x000070000082f000,0x000070000092f000)]
  0x00007fed4b83a800 JavaThread "Reference Handler" daemon [_thread_blocked, id=11779, stack(0x000070000072c000,0x000070000082c000)]
  0x00007fed4c800800 JavaThread "main" [_thread_in_native, id=5891, stack(0x000070000011a000,0x000070000021a000)]

Other Threads:
  0x00007fed4b837800 VMThread [stack: 0x0000700000629000,0x0000700000729000] [id=11267]
  0x00007fed4c819000 WatcherThread [stack: 0x00007000012d3000,0x00007000013d3000] [id=20739]

VM state:not at safepoint (normal execution)

VM Mutex/Monitor currently owned by a thread: None

Heap:
 PSYoungGen      total 38400K, used 10889K [0x0000000795580000, 0x0000000798000000, 0x00000007c0000000)
  eden space 33280K, 32% used [0x0000000795580000,0x00000007960226d0,0x0000000797600000)
  from space 5120K, 0% used [0x0000000797b00000,0x0000000797b00000,0x0000000798000000)
  to   space 5120K, 0% used [0x0000000797600000,0x0000000797600000,0x0000000797b00000)
 ParOldGen       total 87552K, used 0K [0x0000000740000000, 0x0000000745580000, 0x0000000795580000)
  object space 87552K, 0% used [0x0000000740000000,0x0000000740000000,0x0000000745580000)
 Metaspace       used 6934K, capacity 7048K, committed 7168K, reserved 1056768K
  class space    used 696K, capacity 752K, committed 768K, reserved 1048576K

Card table byte_map: [0x0000000120949000,0x0000000120d4a000] byte_map_base: 0x000000011cf49000

Marking Bits: (ParMarkBitMap*) 0x0000000110edee20
 Begin Bits: [0x0000000120ff5000, 0x0000000122ff5000)
 End Bits:   [0x0000000122ff5000, 0x0000000124ff5000)

Polling page: 0x000000010fd28000

CodeCache: size=245760Kb used=1890Kb max_used=1890Kb free=243869Kb
 bounds [0x0000000111589000, 0x00000001117f9000, 0x0000000120589000]
 total_blobs=701 nmethods=349 adapters=274
 compilation: enabled

Compilation events (10 events):
Event: 5.586 Thread 0x00007fed4d052000  344       3       java.nio.ByteBuffer::array (35 bytes)
Event: 5.586 Thread 0x00007fed4d052000 nmethod 344 0x000000011175d9d0 code [0x000000011175db80, 0x000000011175deb8]
Event: 9.867 Thread 0x00007fed4d052000  345       3       java.nio.ByteBuffer::hasArray (20 bytes)
Event: 9.868 Thread 0x00007fed4d052000 nmethod 345 0x000000011175e050 code [0x000000011175e1c0, 0x000000011175e3b0]
Event: 9.868 Thread 0x00007fed4d052000  346       3       java.nio.CharBuffer::hasArray (20 bytes)
Event: 9.868 Thread 0x00007fed4d052000 nmethod 346 0x000000011175e410 code [0x000000011175e580, 0x000000011175e770]
Event: 13.483 Thread 0x00007fed4d052000  347       3       java.lang.ref.ReferenceQueue::reallyPoll (66 bytes)
Event: 13.484 Thread 0x00007fed4d052000 nmethod 347 0x000000011175e7d0 code [0x000000011175e960, 0x000000011175edf0]
Event: 26.354 Thread 0x00007fed4d052000  349   !   3       java.lang.ref.ReferenceQueue::remove (125 bytes)
Event: 26.355 Thread 0x00007fed4d052000 nmethod 349 0x0000000111760ed0 code [0x00000001117610c0, 0x0000000111761a18]

GC Heap History (0 events):
No events

Deoptimization events (4 events):
Event: 0.288 Thread 0x00007fed4c800800 Uncommon trap: reason=unstable_if action=reinterpret pc=0x00000001116df8dc method=java.lang.String.indexOf(II)I @ 49
Event: 0.339 Thread 0x00007fed4c800800 Uncommon trap: reason=unstable_if action=reinterpret pc=0x00000001116e1cf0 method=java.util.Properties.loadConvert([CII[C)Ljava/lang/String; @ 4
Event: 0.339 Thread 0x00007fed4c800800 Uncommon trap: reason=class_check action=maybe_recompile pc=0x00000001116d5884 method=java.util.Properties$LineReader.readLine()I @ 62
Event: 0.486 Thread 0x00007fed4c800800 Uncommon trap: reason=unstable_if action=reinterpret pc=0x000000011172d3a0 method=java.lang.String.lastIndexOf([CII[CIII)I @ 66

Internal exceptions (10 events):
Event: 0.139 Thread 0x00007fed4c800800 Exception <a 'java/util/zip/ZipException'> (0x000000079581a6c0) thrown at [/Users/java_re/workspace/8-2-build-macosx-x86_64/jdk8u60/4407/hotspot/src/share/vm/prims/jni.cpp, line 709]
Event: 0.139 Thread 0x00007fed4c800800 Exception <a 'java/security/PrivilegedActionException'> (0x000000079581a8c8) thrown at [/Users/java_re/workspace/8-2-build-macosx-x86_64/jdk8u60/4407/hotspot/src/share/vm/prims/jvm.cpp, line 1386]
Event: 0.139 Thread 0x00007fed4c800800 Exception <a 'java/security/PrivilegedActionException'> (0x000000079581aad8) thrown at [/Users/java_re/workspace/8-2-build-macosx-x86_64/jdk8u60/4407/hotspot/src/share/vm/prims/jvm.cpp, line 1386]
Event: 0.141 Thread 0x00007fed4c800800 Exception <a 'java/util/zip/ZipException'> (0x000000079582c3d0) thrown at [/Users/java_re/workspace/8-2-build-macosx-x86_64/jdk8u60/4407/hotspot/src/share/vm/prims/jni.cpp, line 709]
Event: 0.141 Thread 0x00007fed4c800800 Exception <a 'java/security/PrivilegedActionException'> (0x000000079582c5d8) thrown at [/Users/java_re/workspace/8-2-build-macosx-x86_64/jdk8u60/4407/hotspot/src/share/vm/prims/jvm.cpp, line 1386]
Event: 0.141 Thread 0x00007fed4c800800 Exception <a 'java/security/PrivilegedActionException'> (0x000000079582c7e8) thrown at [/Users/java_re/workspace/8-2-build-macosx-x86_64/jdk8u60/4407/hotspot/src/share/vm/prims/jvm.cpp, line 1386]
Event: 0.157 Thread 0x00007fed4c800800 Exception <a 'java/security/PrivilegedActionException'> (0x000000079587a6a0) thrown at [/Users/java_re/workspace/8-2-build-macosx-x86_64/jdk8u60/4407/hotspot/src/share/vm/prims/jvm.cpp, line 1386]
Event: 0.157 Thread 0x00007fed4c800800 Exception <a 'java/security/PrivilegedActionException'> (0x000000079587a8b0) thrown at [/Users/java_re/workspace/8-2-build-macosx-x86_64/jdk8u60/4407/hotspot/src/share/vm/prims/jvm.cpp, line 1386]
Event: 0.157 Thread 0x00007fed4c800800 Exception <a 'java/security/PrivilegedActionException'> (0x000000079587dd38) thrown at [/Users/java_re/workspace/8-2-build-macosx-x86_64/jdk8u60/4407/hotspot/src/share/vm/prims/jvm.cpp, line 1386]
Event: 0.158 Thread 0x00007fed4c800800 Exception <a 'java/security/PrivilegedActionException'> (0x000000079587df48) thrown at [/Users/java_re/workspace/8-2-build-macosx-x86_64/jdk8u60/4407/hotspot/src/share/vm/prims/jvm.cpp, line 1386]

Events (10 events):
Event: 17.601 Executing VM operation: EnterInterpOnlyMode
Event: 17.601 Executing VM operation: EnterInterpOnlyMode done
Event: 17.601 Executing VM operation: GetCurrentLocation
Event: 17.601 Executing VM operation: GetCurrentLocation done
Event: 17.602 Executing VM operation: ChangeSingleStep
Event: 17.602 Executing VM operation: ChangeSingleStep done
Event: 17.602 Executing VM operation: ChangeSingleStep
Event: 17.602 Executing VM operation: ChangeSingleStep done
Event: 131.994 Executing VM operation: RedefineClasses
Event: 131.995 Executing VM operation: RedefineClasses done


Dynamic libraries:
0x00000000059ce000 	/System/Library/Frameworks/Cocoa.framework/Versions/A/Cocoa
0x00000000059ce000 	/System/Library/Frameworks/Security.framework/Versions/A/Security
0x00000000059ce000 	/System/Library/Frameworks/ApplicationServices.framework/Versions/A/ApplicationServices
0x00000000059ce000 	/usr/lib/libz.1.dylib
0x00000000059ce000 	/usr/lib/libSystem.B.dylib
0x00000000059ce000 	/usr/lib/libobjc.A.dylib
0x00000000059ce000 	/System/Library/Frameworks/CoreFoundation.framework/Versions/A/CoreFoundation
0x00000000059ce000 	/System/Library/Frameworks/Foundation.framework/Versions/C/Foundation
0x00000000059ce000 	/System/Library/Frameworks/AppKit.framework/Versions/C/AppKit
0x00000000059ce000 	/System/Library/Frameworks/CoreData.framework/Versions/A/CoreData
0x00000000059ce000 	/System/Library/PrivateFrameworks/RemoteViewServices.framework/Versions/A/RemoteViewServices
0x00000000059ce000 	/System/Library/PrivateFrameworks/UIFoundation.framework/Versions/A/UIFoundation
0x00000000059ce000 	/usr/lib/libScreenReader.dylib
0x00000000059ce000 	/System/Library/Frameworks/Accelerate.framework/Versions/A/Accelerate
0x00000000059ce000 	/System/Library/Frameworks/IOSurface.framework/Versions/A/IOSurface
0x00000000059ce000 	/System/Library/Frameworks/AudioToolbox.framework/Versions/A/AudioToolbox
0x00000000059ce000 	/System/Library/Frameworks/AudioUnit.framework/Versions/A/AudioUnit
0x00000000059ce000 	/System/Library/PrivateFrameworks/DataDetectorsCore.framework/Versions/A/DataDetectorsCore
0x00000000059ce000 	/System/Library/PrivateFrameworks/DesktopServicesPriv.framework/Versions/A/DesktopServicesPriv
0x00000000059ce000 	/System/Library/Frameworks/Carbon.framework/Versions/A/Frameworks/HIToolbox.framework/Versions/A/HIToolbox
0x00000000059ce000 	/System/Library/Frameworks/QuartzCore.framework/Versions/A/QuartzCore
0x00000000059ce000 	/System/Library/Frameworks/Carbon.framework/Versions/A/Frameworks/SpeechRecognition.framework/Versions/A/SpeechRecognition
0x00000000059ce000 	/usr/lib/libauto.dylib
0x00000000059ce000 	/usr/lib/libicucore.A.dylib
0x00000000059ce000 	/usr/lib/libxml2.2.dylib
0x00000000059ce000 	/System/Library/PrivateFrameworks/CoreUI.framework/Versions/A/CoreUI
0x00000000059ce000 	/System/Library/Frameworks/CoreAudio.framework/Versions/A/CoreAudio
0x00000000059ce000 	/System/Library/Frameworks/DiskArbitration.framework/Versions/A/DiskArbitration
0x00000000059ce000 	/usr/lib/liblangid.dylib
0x00000000059ce000 	/System/Library/PrivateFrameworks/MultitouchSupport.framework/Versions/A/MultitouchSupport
0x00000000059ce000 	/System/Library/Frameworks/IOKit.framework/Versions/A/IOKit
0x00000000059ce000 	/usr/lib/libDiagnosticMessagesClient.dylib
0x00000000059ce000 	/System/Library/Frameworks/CoreServices.framework/Versions/A/CoreServices
0x00000000059ce000 	/System/Library/PrivateFrameworks/PerformanceAnalysis.framework/Versions/A/PerformanceAnalysis
0x00000000059ce000 	/System/Library/PrivateFrameworks/GenerationalStorage.framework/Versions/A/GenerationalStorage
0x00000000059ce000 	/System/Library/Frameworks/OpenGL.framework/Versions/A/OpenGL
0x00000000059ce000 	/System/Library/PrivateFrameworks/Sharing.framework/Versions/A/Sharing
0x00000000059ce000 	/System/Library/Frameworks/CoreGraphics.framework/Versions/A/CoreGraphics
0x00000000059ce000 	/System/Library/Frameworks/CoreImage.framework/Versions/A/CoreImage
0x00000000059ce000 	/System/Library/Frameworks/CoreText.framework/Versions/A/CoreText
0x00000000059ce000 	/System/Library/Frameworks/ImageIO.framework/Versions/A/ImageIO
0x00000000059ce000 	/System/Library/PrivateFrameworks/Backup.framework/Versions/A/Backup
0x00000000059ce000 	/usr/lib/libextension.dylib
0x00000000059ce000 	/usr/lib/libarchive.2.dylib
0x00000000059ce000 	/System/Library/Frameworks/CFNetwork.framework/Versions/A/CFNetwork
0x00000000059ce000 	/System/Library/Frameworks/SystemConfiguration.framework/Versions/A/SystemConfiguration
0x00000000059ce000 	/usr/lib/libCRFSuite.dylib
0x00000000059ce000 	/usr/lib/libc++.1.dylib
0x00000000059ce000 	/usr/lib/libc++abi.dylib
0x00000000059ce000 	/usr/lib/system/libcache.dylib
0x00000000059ce000 	/usr/lib/system/libcommonCrypto.dylib
0x00000000059ce000 	/usr/lib/system/libcompiler_rt.dylib
0x00000000059ce000 	/usr/lib/system/libcopyfile.dylib
0x00000000059ce000 	/usr/lib/system/libcorecrypto.dylib
0x00000000059ce000 	/usr/lib/system/libdispatch.dylib
0x00000000059ce000 	/usr/lib/system/libdyld.dylib
0x00000000059ce000 	/usr/lib/system/libkeymgr.dylib
0x00000000059ce000 	/usr/lib/system/liblaunch.dylib
0x00000000059ce000 	/usr/lib/system/libmacho.dylib
0x00000000059ce000 	/usr/lib/system/libquarantine.dylib
0x00000000059ce000 	/usr/lib/system/libremovefile.dylib
0x00000000059ce000 	/usr/lib/system/libsystem_asl.dylib
0x00000000059ce000 	/usr/lib/system/libsystem_blocks.dylib
0x00000000059ce000 	/usr/lib/system/libsystem_c.dylib
0x00000000059ce000 	/usr/lib/system/libsystem_configuration.dylib
0x00000000059ce000 	/usr/lib/system/libsystem_coreservices.dylib
0x00000000059ce000 	/usr/lib/system/libsystem_coretls.dylib
0x00000000059ce000 	/usr/lib/system/libsystem_dnssd.dylib
0x00000000059ce000 	/usr/lib/system/libsystem_info.dylib
0x00000000059ce000 	/usr/lib/system/libsystem_kernel.dylib
0x00000000059ce000 	/usr/lib/system/libsystem_m.dylib
0x00000000059ce000 	/usr/lib/system/libsystem_malloc.dylib
0x00000000059ce000 	/usr/lib/system/libsystem_network.dylib
0x00000000059ce000 	/usr/lib/system/libsystem_networkextension.dylib
0x00000000059ce000 	/usr/lib/system/libsystem_notify.dylib
0x00000000059ce000 	/usr/lib/system/libsystem_platform.dylib
0x00000000059ce000 	/usr/lib/system/libsystem_pthread.dylib
0x00000000059ce000 	/usr/lib/system/libsystem_sandbox.dylib
0x00000000059ce000 	/usr/lib/system/libsystem_secinit.dylib
0x00000000059ce000 	/usr/lib/system/libsystem_trace.dylib
0x00000000059ce000 	/usr/lib/system/libunc.dylib
0x00000000059ce000 	/usr/lib/system/libunwind.dylib
0x00000000059ce000 	/usr/lib/system/libxpc.dylib
0x00000000059ce000 	/usr/lib/libenergytrace.dylib
0x00000000059ce000 	/usr/lib/libbsm.0.dylib
0x00000000059ce000 	/usr/lib/system/libkxld.dylib
0x00000000059ce000 	/usr/lib/libxar.1.dylib
0x00000000059ce000 	/usr/lib/libsqlite3.dylib
0x00000000059ce000 	/usr/lib/libpam.2.dylib
0x00000000059ce000 	/usr/lib/libOpenScriptingUtil.dylib
0x00000000059ce000 	/usr/lib/libbz2.1.0.dylib
0x00000000059ce000 	/usr/lib/liblzma.5.dylib
0x00000000059ce000 	/System/Library/Frameworks/CoreServices.framework/Versions/A/Frameworks/FSEvents.framework/Versions/A/FSEvents
0x00000000059ce000 	/System/Library/Frameworks/CoreServices.framework/Versions/A/Frameworks/CarbonCore.framework/Versions/A/CarbonCore
0x00000000059ce000 	/System/Library/Frameworks/CoreServices.framework/Versions/A/Frameworks/Metadata.framework/Versions/A/Metadata
0x00000000059ce000 	/System/Library/Frameworks/CoreServices.framework/Versions/A/Frameworks/OSServices.framework/Versions/A/OSServices
0x00000000059ce000 	/System/Library/Frameworks/CoreServices.framework/Versions/A/Frameworks/SearchKit.framework/Versions/A/SearchKit
0x00000000059ce000 	/System/Library/Frameworks/CoreServices.framework/Versions/A/Frameworks/AE.framework/Versions/A/AE
0x00000000059ce000 	/System/Library/Frameworks/CoreServices.framework/Versions/A/Frameworks/LaunchServices.framework/Versions/A/LaunchServices
0x00000000059ce000 	/System/Library/Frameworks/CoreServices.framework/Versions/A/Frameworks/DictionaryServices.framework/Versions/A/DictionaryServices
0x00000000059ce000 	/System/Library/Frameworks/CoreServices.framework/Versions/A/Frameworks/SharedFileList.framework/Versions/A/SharedFileList
0x00000000059ce000 	/System/Library/Frameworks/NetFS.framework/Versions/A/NetFS
0x00000000059ce000 	/System/Library/PrivateFrameworks/NetAuth.framework/Versions/A/NetAuth
0x00000000059ce000 	/System/Library/PrivateFrameworks/login.framework/Versions/A/Frameworks/loginsupport.framework/Versions/A/loginsupport
0x00000000059ce000 	/System/Library/PrivateFrameworks/TCC.framework/Versions/A/TCC
0x00000000059ce000 	/usr/lib/libmecabra.dylib
0x00000000059ce000 	/System/Library/Frameworks/ApplicationServices.framework/Versions/A/Frameworks/ATS.framework/Versions/A/ATS
0x00000000059ce000 	/System/Library/Frameworks/ApplicationServices.framework/Versions/A/Frameworks/ColorSync.framework/Versions/A/ColorSync
0x00000000059ce000 	/System/Library/Frameworks/ApplicationServices.framework/Versions/A/Frameworks/HIServices.framework/Versions/A/HIServices
0x00000000059ce000 	/System/Library/Frameworks/ApplicationServices.framework/Versions/A/Frameworks/LangAnalysis.framework/Versions/A/LangAnalysis
0x00000000059ce000 	/System/Library/Frameworks/ApplicationServices.framework/Versions/A/Frameworks/PrintCore.framework/Versions/A/PrintCore
0x00000000059ce000 	/System/Library/Frameworks/ApplicationServices.framework/Versions/A/Frameworks/QD.framework/Versions/A/QD
0x00000000059ce000 	/System/Library/Frameworks/ApplicationServices.framework/Versions/A/Frameworks/SpeechSynthesis.framework/Versions/A/SpeechSynthesis
0x00000000059ce000 	/System/Library/Frameworks/Metal.framework/Versions/A/Metal
0x00000000059ce000 	/System/Library/Frameworks/Accelerate.framework/Versions/A/Frameworks/vImage.framework/Versions/A/vImage
0x00000000059ce000 	/System/Library/Frameworks/Accelerate.framework/Versions/A/Frameworks/vecLib.framework/Versions/A/vecLib
0x00000000059ce000 	/System/Library/Frameworks/Accelerate.framework/Versions/A/Frameworks/vecLib.framework/Versions/A/libvDSP.dylib
0x00000000059ce000 	/System/Library/Frameworks/Accelerate.framework/Versions/A/Frameworks/vecLib.framework/Versions/A/libvMisc.dylib
0x00000000059ce000 	/System/Library/Frameworks/Accelerate.framework/Versions/A/Frameworks/vecLib.framework/Versions/A/libLAPACK.dylib
0x00000000059ce000 	/System/Library/Frameworks/Accelerate.framework/Versions/A/Frameworks/vecLib.framework/Versions/A/libBLAS.dylib
0x00000000059ce000 	/System/Library/Frameworks/Accelerate.framework/Versions/A/Frameworks/vecLib.framework/Versions/A/libLinearAlgebra.dylib
0x00000000059ce000 	/System/Library/Frameworks/Accelerate.framework/Versions/A/Frameworks/vecLib.framework/Versions/A/libSparseBLAS.dylib
0x00000000059ce000 	/System/Library/PrivateFrameworks/GPUCompiler.framework/libmetal_timestamp.dylib
0x00000000059ce000 	/System/Library/Frameworks/OpenGL.framework/Versions/A/Libraries/libCoreFSCache.dylib
0x00000000059ce000 	/System/Library/PrivateFrameworks/IOAccelerator.framework/Versions/A/IOAccelerator
0x00000000059ce000 	/System/Library/Frameworks/ApplicationServices.framework/Versions/A/Frameworks/ATS.framework/Versions/A/Resources/libFontParser.dylib
0x00000000059ce000 	/System/Library/Frameworks/ApplicationServices.framework/Versions/A/Frameworks/ATS.framework/Versions/A/Resources/libFontRegistry.dylib
0x00000000059ce000 	/System/Library/PrivateFrameworks/AppleVPA.framework/Versions/A/AppleVPA
0x00000000059ce000 	/System/Library/PrivateFrameworks/AppleJPEG.framework/Versions/A/AppleJPEG
0x00000000059ce000 	/System/Library/Frameworks/ImageIO.framework/Versions/A/Resources/libJPEG.dylib
0x00000000059ce000 	/System/Library/Frameworks/ImageIO.framework/Versions/A/Resources/libTIFF.dylib
0x00000000059ce000 	/System/Library/Frameworks/ImageIO.framework/Versions/A/Resources/libPng.dylib
0x00000000059ce000 	/System/Library/Frameworks/ImageIO.framework/Versions/A/Resources/libGIF.dylib
0x00000000059ce000 	/System/Library/Frameworks/ImageIO.framework/Versions/A/Resources/libJP2.dylib
0x00000000059ce000 	/System/Library/Frameworks/ImageIO.framework/Versions/A/Resources/libRadiance.dylib
0x00000000059ce000 	/System/Library/Frameworks/CoreVideo.framework/Versions/A/CoreVideo
0x00000000059ce000 	/System/Library/Frameworks/OpenGL.framework/Versions/A/Libraries/libGLU.dylib
0x00000000059ce000 	/System/Library/Frameworks/OpenGL.framework/Versions/A/Libraries/libGFXShared.dylib
0x00000000059ce000 	/System/Library/Frameworks/OpenGL.framework/Versions/A/Libraries/libGL.dylib
0x00000000059ce000 	/System/Library/Frameworks/OpenGL.framework/Versions/A/Libraries/libGLImage.dylib
0x00000000059ce000 	/System/Library/Frameworks/OpenGL.framework/Versions/A/Libraries/libCVMSPluginSupport.dylib
0x00000000059ce000 	/System/Library/Frameworks/OpenGL.framework/Versions/A/Libraries/libCoreVMClient.dylib
0x00000000059ce000 	/usr/lib/libcups.2.dylib
0x00000000059ce000 	/System/Library/Frameworks/Kerberos.framework/Versions/A/Kerberos
0x00000000059ce000 	/System/Library/Frameworks/GSS.framework/Versions/A/GSS
0x00000000059ce000 	/usr/lib/libresolv.9.dylib
0x00000000059ce000 	/usr/lib/libiconv.2.dylib
0x00000000059ce000 	/System/Library/PrivateFrameworks/Heimdal.framework/Versions/A/Heimdal
0x00000000059ce000 	/usr/lib/libheimdal-asn1.dylib
0x00000000059ce000 	/System/Library/Frameworks/OpenDirectory.framework/Versions/A/OpenDirectory
0x00000000059ce000 	/System/Library/PrivateFrameworks/CommonAuth.framework/Versions/A/CommonAuth
0x00000000059ce000 	/System/Library/Frameworks/OpenDirectory.framework/Versions/A/Frameworks/CFOpenDirectory.framework/Versions/A/CFOpenDirectory
0x00000000059ce000 	/System/Library/Frameworks/SecurityFoundation.framework/Versions/A/SecurityFoundation
0x00000000059ce000 	/System/Library/PrivateFrameworks/LanguageModeling.framework/Versions/A/LanguageModeling
0x00000000059ce000 	/usr/lib/libmarisa.dylib
0x00000000059ce000 	/usr/lib/libChineseTokenizer.dylib
0x00000000059ce000 	/usr/lib/libcmph.dylib
0x00000000059ce000 	/usr/lib/libcompression.dylib
0x00000000059ce000 	/System/Library/Frameworks/ServiceManagement.framework/Versions/A/ServiceManagement
0x00000000059ce000 	/usr/lib/libxslt.1.dylib
0x00000000059ce000 	/System/Library/Frameworks/Carbon.framework/Versions/A/Frameworks/Ink.framework/Versions/A/Ink
0x00000000059ce000 	/usr/lib/libFosl_dynamic.dylib
0x00000000059ce000 	/System/Library/PrivateFrameworks/FaceCore.framework/Versions/A/FaceCore
0x00000000059ce000 	/System/Library/Frameworks/OpenCL.framework/Versions/A/OpenCL
0x00000000059ce000 	/System/Library/PrivateFrameworks/CrashReporterSupport.framework/Versions/A/CrashReporterSupport
0x00000000059ce000 	/System/Library/PrivateFrameworks/IconServices.framework/Versions/A/IconServices
0x00000000059ce000 	/System/Library/PrivateFrameworks/Apple80211.framework/Versions/A/Apple80211
0x00000000059ce000 	/System/Library/Frameworks/CoreWLAN.framework/Versions/A/CoreWLAN
0x00000000059ce000 	/System/Library/Frameworks/IOBluetooth.framework/Versions/A/IOBluetooth
0x00000000059ce000 	/System/Library/PrivateFrameworks/CoreWiFi.framework/Versions/A/CoreWiFi
0x00000000059ce000 	/System/Library/Frameworks/CoreBluetooth.framework/Versions/A/CoreBluetooth
0x00000000059ce000 	/System/Library/PrivateFrameworks/ChunkingLibrary.framework/Versions/A/ChunkingLibrary
0x00000000059ce000 	/System/Library/PrivateFrameworks/DebugSymbols.framework/Versions/A/DebugSymbols
0x00000000059ce000 	/System/Library/PrivateFrameworks/CoreSymbolication.framework/Versions/A/CoreSymbolication
0x00000000059ce000 	/System/Library/PrivateFrameworks/Symbolication.framework/Versions/A/Symbolication
0x00000000059ce000 	/System/Library/PrivateFrameworks/SpeechRecognitionCore.framework/Versions/A/SpeechRecognitionCore
0x0000000110600000 	/Library/Java/JavaVirtualMachines/jdk1.8.0_60.jdk/Contents/Home/jre/lib/server/libjvm.dylib
0x00000000059ce000 	/usr/lib/libstdc++.6.dylib
0x000000010fce5000 	/Library/Java/JavaVirtualMachines/jdk1.8.0_60.jdk/Contents/Home/jre/lib/libverify.dylib
0x000000010fcf3000 	/Library/Java/JavaVirtualMachines/jdk1.8.0_60.jdk/Contents/Home/jre/lib/libjava.dylib
0x000000010fd29000 	/Library/Java/JavaVirtualMachines/jdk1.8.0_60.jdk/Contents/Home/jre/lib/libjdwp.dylib
0x000000010fd74000 	/Library/Java/JavaVirtualMachines/jdk1.8.0_60.jdk/Contents/Home/jre/lib/libnpt.dylib
0x000000010fd81000 	/Library/Java/JavaVirtualMachines/jdk1.8.0_60.jdk/Contents/Home/jre/lib/libzip.dylib
0x0000000126e7b000 	/System/Library/Frameworks/JavaVM.framework/Frameworks/JavaRuntimeSupport.framework/JavaRuntimeSupport
0x0000000126e96000 	/System/Library/Frameworks/JavaVM.framework/Versions/A/Frameworks/JavaNativeFoundation.framework/Versions/A/JavaNativeFoundation
0x0000000126eab000 	/System/Library/Frameworks/JavaVM.framework/Versions/A/JavaVM
0x00000000059ce000 	/System/Library/Frameworks/Carbon.framework/Versions/A/Carbon
0x0000000126eb8000 	/System/Library/PrivateFrameworks/JavaLaunching.framework/Versions/A/JavaLaunching
0x00000000059ce000 	/System/Library/Frameworks/Carbon.framework/Versions/A/Frameworks/CommonPanels.framework/Versions/A/CommonPanels
0x00000000059ce000 	/System/Library/Frameworks/Carbon.framework/Versions/A/Frameworks/Help.framework/Versions/A/Help
0x00000000059ce000 	/System/Library/Frameworks/Carbon.framework/Versions/A/Frameworks/ImageCapture.framework/Versions/A/ImageCapture
0x00000000059ce000 	/System/Library/Frameworks/Carbon.framework/Versions/A/Frameworks/OpenScripting.framework/Versions/A/OpenScripting
0x00000000059ce000 	/System/Library/Frameworks/Carbon.framework/Versions/A/Frameworks/Print.framework/Versions/A/Print
0x00000000059ce000 	/System/Library/Frameworks/Carbon.framework/Versions/A/Frameworks/SecurityHI.framework/Versions/A/SecurityHI
0x00000001287d4000 	/Library/Java/JavaVirtualMachines/jdk1.8.0_60.jdk/Contents/Home/jre/lib/libdt_socket.dylib
0x000000012891a000 	/Library/Java/JavaVirtualMachines/jdk1.8.0_60.jdk/Contents/Home/jre/lib/libnet.dylib

VM Arguments:
jvm_args: -agentlib:jdwp=transport=dt_socket,suspend=y,address=localhost:62219 -Dfile.encoding=UTF-8 
java_command: LibraryManagementSystem
java_class_path (initial): /Users/KevinHan/GCIT/Assignment04_QiaoYangHan/bin:/Users/KevinHan/GCIT/Assignment04_QiaoYangHan/mysql-connector-java-5.1.32-bin.jar
Launcher Type: SUN_STANDARD

Environment Variables:
PATH=/usr/bin:/bin:/usr/sbin:/sbin
SHELL=/bin/bash

Signal Handlers:
SIGSEGV: [libjvm.dylib+0x5a6d31], sa_mask[0]=11111111011111110111111111111111, sa_flags=SA_ONSTACK|SA_RESTART|SA_SIGINFO
SIGBUS: [libjvm.dylib+0x5a6d31], sa_mask[0]=11111111011111110111111111111111, sa_flags=SA_RESTART|SA_SIGINFO
SIGFPE: [libjvm.dylib+0x480a4c], sa_mask[0]=11111111011111110111111111111111, sa_flags=SA_RESTART|SA_SIGINFO
SIGPIPE: [libjvm.dylib+0x480a4c], sa_mask[0]=11111111011111110111111111111111, sa_flags=SA_RESTART|SA_SIGINFO
SIGXFSZ: [libjvm.dylib+0x480a4c], sa_mask[0]=11111111011111110111111111111111, sa_flags=SA_RESTART|SA_SIGINFO
SIGILL: [libjvm.dylib+0x480a4c], sa_mask[0]=11111111011111110111111111111111, sa_flags=SA_RESTART|SA_SIGINFO
SIGUSR1: SIG_DFL, sa_mask[0]=00000000000000000000000000000000, sa_flags=none
SIGUSR2: [libjvm.dylib+0x48056a], sa_mask[0]=00100000000000000000000000000000, sa_flags=SA_RESTART|SA_SIGINFO
SIGHUP: [libjvm.dylib+0x47eb41], sa_mask[0]=11111111011111110111111111111111, sa_flags=SA_RESTART|SA_SIGINFO
SIGINT: [libjvm.dylib+0x47eb41], sa_mask[0]=11111111011111110111111111111111, sa_flags=SA_RESTART|SA_SIGINFO
SIGTERM: [libjvm.dylib+0x47eb41], sa_mask[0]=11111111011111110111111111111111, sa_flags=SA_RESTART|SA_SIGINFO
SIGQUIT: [libjvm.dylib+0x47eb41], sa_mask[0]=11111111011111110111111111111111, sa_flags=SA_RESTART|SA_SIGINFO


---------------  S Y S T E M  ---------------

OS:Bsduname:Darwin 15.0.0 Darwin Kernel Version 15.0.0: Wed Aug 26 16:57:32 PDT 2015; root:xnu-3247.1.106~1/RELEASE_X86_64 x86_64
rlimit: STACK 8192k, CORE 0k, NPROC 709, NOFILE 10240, AS infinity
load average:1.98 1.69 1.59

CPU:total 4 (2 cores per cpu, 2 threads per core) family 6 model 61 stepping 4, cmov, cx8, fxsr, mmx, sse, sse2, sse3, ssse3, sse4.1, sse4.2, popcnt, avx, avx2, aes, clmul, erms, 3dnowpref, lzcnt, ht, tsc, tscinvbit, bmi1, bmi2, adx

Memory: 4k page, physical 8388608k(359016k free)

/proc/meminfo:


vm_info: Java HotSpot(TM) 64-Bit Server VM (25.60-b23) for bsd-amd64 JRE (1.8.0_60-b27), built on Aug  4 2015 10:47:24 by "java_re" with gcc 4.2.1 (Based on Apple Inc. build 5658) (LLVM build 2336.11.00)

time: Mon Apr 11 05:39:58 2016
elapsed time: 132 seconds (0d 0h 2m 12s)

